make all --print-data-base --no-builtin-variables --no-builtin-rules --question
# GNU Make 3.81
# Copyright (C) 2006  Free Software Foundation, Inc.
# This is free software; see the source for copying conditions.
# There is NO warranty; not even for MERCHANTABILITY or FITNESS FOR A
# PARTICULAR PURPOSE.

# This program built for i386-apple-darwin11.3.0
 

# Make data base, printed on Thu Jan 20 11:22:13 2022

# Variables

# automatic
<D = $(patsubst %/,%,$(dir $<))
# automatic
?F = $(notdir $?)
# environment
VSCODE_LOG_NATIVE = false
# environment
NVM_INC = /Users/jschwartz/.nvm/versions/node/v12.22.3/include/node
# automatic
?D = $(patsubst %/,%,$(dir $?))
# environment
GRADLE_HOME = /Users/jschwartz/.sdkman/candidates/gradle/current
 
# automatic
@D = $(patsubst %/,%,$(dir $@))
# automatic
@F = $(notdir $@)
# automatic
^D = $(patsubst %/,%,$(dir $^))
# environment
ONBOARD_REPO = /Users/jschwrtz/git/service-asset-onboarding
# makefile
SHELL = /bin/sh
# environment
NEXUS_NPM_TOKEN = anNjaHdhcnR6OiRpWFQzMzkhbjM=
# environment
VSCODE_NLS_CONFIG = {"locale":"en-us","availableLanguages":{},"_languagePackSupport":true}
# environment
_ = /usr/bin/make
# environment
GITHUB_TOKEN = 01d24b700384cb204ecd8c09b41b10ff6c8f2cd3
# makefile (from `Makefile', line 1)
MAKEFILE_LIST :=  Makefile
# environment
VSCODE_VERBOSE_LOGGING = true
# environment
__CFBundleIdentifier = com.microsoft.VSCode
# environment
VSCODE_IPC_HOOK_EXTHOST = /var/folders/vw/wq97xnwd0j97htqfdrgdmj180000gn/T/vscode-ipc-6a683fed-e2be-4a08-9ce4-adada4950001.sock
# environment
VSCODE_CWD = /
# environment
FUNDING_REPO = /Users/jschwartz/git/service-funding
# environment
PATH = /usr/local/opt/yq@3/bin:/Users/jschwartz/.nvm/versions/node/v12.22.3/bin:/Users/jschwartz/.sdkman/candidates/java/current/bin:/Users/jschwartz/.sdkman/candidates/gradle/current/bin:/usr/local/bin:/usr/bin:/bin:/usr/sbin:/sbin:/Users/jschwartz/.cargo/bin:/Users/jschwartz/go/bin:/usr/local/opt/go/libexec/bin:/usr/local/Caskroom/google-cloud-sdk/latest/google-cloud-sdk/bin
# environment
LSCOLORS = Gxfxcxdxbxegedabagacad
# makefile
CURDIR := /Users/jschwartz/git/invoice-validator-smart-contract
# environment
SDKMAN_DIR = /Users/jschwartz/.sdkman
# environment
SDKMAN_CANDIDATES_API = https://api.sdkman.io/2
# environment
GOPATH = /Users/jschwartz/go
# environment
NVM_BIN = /Users/jschwartz/.nvm/versions/node/v12.22.3/bin
# environment
SDKMAN_PLATFORM = darwinx64
# environment
VSCODE_LOG_STACK = false
# environment
CONTRACT_REPO = /Users/jschwartz/git/los-p8e-contracts
# environment
ELECTRON_RUN_AS_NODE = 1
# default
.FEATURES := target-specific order-only second-expansion else-if archives jobserver check-symlink
# environment
SSH_AUTH_SOCK = /private/tmp/com.apple.launchd.Z6VL7qycit/Listeners
# automatic
%F = $(notdir $%)
# environment
VSCODE_PIPE_LOGGING = true
# environment
PWD = /Users/jschwartz/git/invoice-validator-smart-contract
# environment
ORIGINAL_XDG_CURRENT_DESKTOP = undefined
# environment
VSCODE_AMD_ENTRYPOINT = vs/workbench/services/extensions/node/extensionHostProcess
# environment
HOME = /Users/jschwartz
# default
MAKEFILEPATH := /Applications/Xcode.app/Contents/Developer/Makefiles
# environment
VSCODE_CODE_CACHE_PATH = /Users/jschwartz/Library/Application Support/Code/CachedData/899d46d82c4c95423fb7e10e68eba52050e30ba3
# environment
LOGNAME = jschwartz
# environment
APPLICATION_INSIGHTS_NO_DIAGNOSTIC_CHANNEL = true
# environment
NVM_CD_FLAGS = -q
# environment
ZSH = /Users/jschwartz/.oh-my-zsh
# environment
VSCODE_HANDLES_UNCAUGHT_ERRORS = true
# environment
VALIDATION_REPO = /Users/jschwartz/git/service-loan-validation
# environment
XPC_FLAGS = 0x0
# environment
SDKMAN_VERSION = 5.13.0
# default
MAKE = $(MAKE_COMMAND)
# default
MAKECMDGOALS := all
# environment
SHLVL = 1
# environment
NEXUS_PASS = $iXT339!n3
# environment
JAVA_HOME = /Users/jschwartz/.sdkman/candidates/java/current
# default
MAKE_VERSION := 3.81
# environment
USER = jschwartz
# makefile
.DEFAULT_GOAL := all
# environment
GOROOT = /usr/local/opt/go/libexec
# environment
PRV_SIG_LOCAL = 0A2100EF4A9391903BFE252CB240DA6695BC5F680A74A8E16BEBA003833DFE9B18C147
# environment
LESS = -R
# automatic
%D = $(patsubst %/,%,$(dir $%))
# default
MAKE_COMMAND := /Applications/Xcode.app/Contents/Developer/usr/bin/make
# environment
NEXUS_USER = jschwartz
# default
.VARIABLES := 
# environment
TMPDIR = /var/folders/vw/wq97xnwd0j97htqfdrgdmj180000gn/T/
# automatic
*F = $(notdir $*)
# environment
VSCODE_IPC_HOOK = /Users/jschwartz/Library/Application Support/Code/1.63.2-main.sock
# makefile
MAKEFLAGS = Rrqp
# environment
MFLAGS = -Rrqp
# automatic
*D = $(patsubst %/,%,$(dir $*))
# environment
NVM_DIR = /Users/jschwartz/.nvm
# environment
XPC_SERVICE_NAME = application.com.microsoft.VSCode.151902703.151902709
# automatic
+D = $(patsubst %/,%,$(dir $+))
# automatic
+F = $(notdir $+)
# environment
__CF_USER_TEXT_ENCODING = 0x1F5:0x0:0x0
# environment
COMMAND_MODE = unix2003
# default
MAKEFILES := 
# automatic
<F = $(notdir $<)
# environment
PRV_ENC_LOCAL = 0A2100EF4A9391903BFE252CB240DA6695BC5F680A74A8E16BEBA003833DFE9B18C147
# environment
SDKMAN_CANDIDATES_DIR = /Users/jschwartz/.sdkman/candidates
# environment
PAGER = less
# environment
LC_ALL = C
# automatic
^F = $(notdir $^)
# default
SUFFIXES := 
# default
.INCLUDE_DIRS = /usr/local/include
# environment
MAKELEVEL := 0
# environment
LANG = C
# environment
PROVENANCE_API_KEY = YourGonnaNeedToAsk
# environment
VSCODE_PID = 9682
# variable set hash-table stats:
# Load=90/1024=9%, Rehash=0, Collisions=3/116=3%

# Pattern-specific Variable Values

# No pattern-specific variable values.

# Directories

# . (device 16777220, inode 156147361): 20 files, no impossibilities.

# 20 files, no impossibilities in 1 directories.

# Implicit Rules

# No implicit rules.

# Files

all: fmt build test lint schema
#  Phony target (prerequisite of .PHONY).
#  Command-line target.
#  Implicit rule search has not been done.
#  File does not exist.
#  File has been updated.
#  Needs to be updated (-q is set).
# variable set hash-table stats:
# Load=0/32=0%, Rehash=0, Collisions=0/2=0%

.PHONY: all fmt build test lint schema optimize
#  Implicit rule search has not been done.
#  Modification time never checked.
#  File has not been updated.

schema:
#  Phony target (prerequisite of .PHONY).
#  Implicit rule search has not been done.
#  File does not exist.
 
#  File has not been updated.
#  commands to execute (from `Makefile', line 22):
	@cargo schema
	

# Not a target:
.SUFFIXES:
#  Implicit rule search has not been done.
#  Modification time never checked.
#  File has not been updated.

optimize:
#  Phony target (prerequisite of .PHONY).
#  Implicit rule search has not been done.
#  File does not exist.
#  File has not been updated.
#  commands to execute (from `Makefile', line 26):
	@docker run --rm -v $(CURDIR):/code \
	--mount type=volume,source=tutorial_cache,target=/code/target \
	--mount type=volume,source=registry_cache,target=/usr/local/cargo/registry \
	cosmwasm/rust-optimizer:0.11.3
	

# Not a target:
Makefile:
#  Implicit rule search has been done.
#  Last modified 2022-01-20 11:09:08
#  File has been updated.
#  Successfully updated.
# variable set hash-table stats:
# Load=0/32=0%, Rehash=0, Collisions=0/0=0%

test:
#  Phony target (prerequisite of .PHONY).
#  Implicit rule search has not been done.
#  File does not exist.
#  File has not been updated.
#  commands to execute (from `Makefile', line 14):
	@RUST_BACKTRACE=1 cargo unit-test
	

build:
#  Phony target (prerequisite of .PHONY).
#  Implicit rule search has not been done.
#  File does not exist.
#  File has not been updated.
#  commands to execute (from `Makefile', line 10):
	@cargo wasm
	

# Not a target:
.DEFAULT:
#  Implicit rule search has not been done.
#  Modification time never checked.
#  File has not been updated.

fmt:
#  Phony target (prerequisite of .PHONY).
#  Implicit rule search has not been done.
#  Implicit/static pattern stem: `'
#  File does not exist.
#  File has been updated.
#  Needs to be updated (-q is set).
# automatic
# @ := fmt
# automatic
# % := 
# automatic
# * := 
# automatic
# + := 
# automatic
# | := 
# automatic
# < := 
# automatic
# ^ := 
# automatic
# ? := 
# variable set hash-table stats:
# Load=8/32=25%, Rehash=0, Collisions=1/10=10%
#  commands to execute (from `Makefile', line 6):
	@cargo fmt --all -- --check
	

lint:
#  Phony target (prerequisite of .PHONY).
#  Implicit rule search has not been done.
#  File does not exist.
#  File has not been updated.
#  commands to execute (from `Makefile', line 18):
	@cargo clippy -- -D warnings
	

# files hash-table stats:
# Load=11/1024=1%, Rehash=0, Collisions=0/43=0%
# VPATH Search Paths

# No `vpath' search paths.

# No general (`VPATH' variable) search path.

# # of strings in strcache: 1
# # of strcache buffers: 1
# strcache size: total = 4096 / max = 4096 / min = 4096 / avg = 4096
# strcache free: total = 4087 / max = 4087 / min = 4087 / avg = 4087

# Finished Make data base on Thu Jan 20 11:22:13 2022

 
